Arguments: 
  /usr/bin/node /usr/bin/yarn add i-D tsconfig-paths

PATH: 
  /usr/local/bin:/usr/bin:/bin:/usr/local/sbin:/usr/lib/jvm/default/bin:/usr/bin/site_perl:/usr/bin/vendor_perl:/usr/bin/core_perl:/home/julian/.tmux/scripts

Yarn version: 
  1.22.19

Node version: 
  20.2.0

Platform: 
  linux x64

Trace: 
  Error: https://registry.yarnpkg.com/i-D: Not found
      at params.callback [as _callback] (/usr/lib/node_modules/yarn/lib/cli.js:66145:18)
      at self.callback (/usr/lib/node_modules/yarn/lib/cli.js:140890:22)
      at Request.emit (node:events:511:28)
      at Request.<anonymous> (/usr/lib/node_modules/yarn/lib/cli.js:141862:10)
      at Request.emit (node:events:511:28)
      at IncomingMessage.<anonymous> (/usr/lib/node_modules/yarn/lib/cli.js:141784:12)
      at Object.onceWrapper (node:events:625:28)
      at IncomingMessage.emit (node:events:523:35)
      at endReadableNT (node:internal/streams/readable:1367:12)
      at process.processTicksAndRejections (node:internal/process/task_queues:82:21)

npm manifest: 
  {
    "name": "node-base",
    "version": "1.0.0",
    "main": "index.js",
    "repository": "git@github.com:julianinsua/node-base.git",
    "author": "Julian Insua <jii.julious@gmail.com>",
    "license": "MIT",
    "scripts": {
      "build": "tsc",
      "dev": "NODE_PATH=./srcnodemon --config nodemon.json src/index.ts",
      "dev:debug": "nodemon --config nodemon.json --inspect-brk src/index.ts",
      "test": "jest --coverage",
      "test:watch": "jest --watch"
    },
    "devDependencies": {
      "@types/express": "^4.17.17",
      "@types/jest": "^29.5.2",
      "@types/node": "^20.2.5",
      "express": "^4.18.2",
      "jest": "^29.5.0",
      "nodemon": "^2.0.22",
      "supertest": "^6.3.3",
      "ts-jest": "^29.1.0",
      "ts-node": "^10.9.1",
      "typescript": "^5.1.3"
    }
  }

yarn manifest: 
  No manifest

Lockfile: 
  No lockfile
